<?xml version="1.0" encoding="UTF-8"?>
<testsuite xmlns:xsi="http://www.w3.org/2001/XMLSchema-instance" xsi:noNamespaceSchemaLocation="https://maven.apache.org/surefire/maven-surefire-plugin/xsd/surefire-test-report-3.0.xsd" version="3.0" name="com.hoangan.junitdemo.DemoUtilsTest" time="2.399" tests="9" errors="0" skipped="0" failures="0">
  <properties>
[...]
</properties>
  <testcase name="testNullAndNotNull" classname="com.hoangan.junitdemo.DemoUtilsTest" time="0.114"/>
  <testcase name="testEqualsAndNotEquals" classname="com.hoangan.junitdemo.DemoUtilsTest" time="0.023"/>
  <testcase name="testTrueAndFalse" classname="com.hoangan.junitdemo.DemoUtilsTest" time="0.006"/>
  <testcase name="testLinesMatch" classname="com.hoangan.junitdemo.DemoUtilsTest" time="0.01"/>
  <testcase name="testTimeout" classname="com.hoangan.junitdemo.DemoUtilsTest" time="2.036">
    <system-out><![CDATA[I am going to sleep
Sleeping over
]]></system-out>
  </testcase>
  <testcase name="testSameAndNotSame" classname="com.hoangan.junitdemo.DemoUtilsTest" time="0.007"/>
  <testcase name="testArrayEquals" classname="com.hoangan.junitdemo.DemoUtilsTest" time="0.009"/>
  <testcase name="testThrowsAndZDoesNotThrow" classname="com.hoangan.junitdemo.DemoUtilsTest" time="0.006"/>
  <testcase name="testIterableEquals" classname="com.hoangan.junitdemo.DemoUtilsTest" time="0.013"/>
</testsuite>